[20:17:15, 01.20.2022 | INFO] [DISCORD BOT] (MANAGER) › Инициализация процесса "Tasker"!
[20:19:36, 01.20.2022 | INFO] [DISCORD BOT] (MANAGER) › Инициализация процесса "Tasker"!
[20:20:49, 01.20.2022 | INFO] [DISCORD BOT] (MANAGER) › Инициализация процесса "Tasker"!
[20:21:08, 01.20.2022 | INFO] [DISCORD BOT] (MANAGER) › Инициализация процесса "Tasker"!
[20:28:47, 01.20.2022 | INFO] [DISCORD BOT] (MANAGER) › Инициализация процесса "Tasker"!
[20:29:28, 01.20.2022 | INFO] [DISCORD BOT] ::1 [20/Jan/2022:18:29:28 +0000] "GET / HTTP/1.1" 200 217 "-" "Python/3.9 aiohttp/3.8.1"
[20:30:18, 01.20.2022 | INFO] [DISCORD BOT] ::1 [20/Jan/2022:18:30:18 +0000] "GET / HTTP/1.1" 200 217 "-" "Python/3.9 aiohttp/3.8.1"
[20:30:20, 01.20.2022 | INFO] [DISCORD BOT] ::1 [20/Jan/2022:18:30:20 +0000] "GET / HTTP/1.1" 200 217 "-" "Python/3.9 aiohttp/3.8.1"
[20:30:22, 01.20.2022 | INFO] [DISCORD BOT] (MANAGER) › Инициализация процесса "Tasker"!
[20:30:25, 01.20.2022 | INFO] [DISCORD BOT] ::1 [20/Jan/2022:18:30:25 +0000] "GET / HTTP/1.1" 200 220 "-" "Python/3.9 aiohttp/3.8.1"
[20:30:33, 01.20.2022 | INFO] [DISCORD BOT] (MANAGER) › Инициализация процесса "Tasker"!
[20:30:35, 01.20.2022 | INFO] [DISCORD BOT] ::1 [20/Jan/2022:18:30:35 +0000] "GET / HTTP/1.1" 200 217 "-" "Python/3.9 aiohttp/3.8.1"
[20:31:21, 01.20.2022 | INFO] [DISCORD BOT] (MANAGER) › Инициализация процесса "Tasker"!
[20:31:24, 01.20.2022 | INFO] [DISCORD BOT] ::1 [20/Jan/2022:18:31:24 +0000] "GET / HTTP/1.1" 200 217 "-" "Python/3.9 aiohttp/3.8.1"
[20:31:38, 01.20.2022 | INFO] [DISCORD BOT] (MANAGER) › Инициализация процесса "Tasker"!
[20:31:41, 01.20.2022 | INFO] [DISCORD BOT] ::1 [20/Jan/2022:18:31:41 +0000] "GET / HTTP/1.1" 200 217 "-" "Python/3.9 aiohttp/3.8.1"
[20:32:19, 01.20.2022 | INFO] [DISCORD BOT] (MANAGER) › Инициализация процесса "Tasker"!
[20:32:22, 01.20.2022 | INFO] [DISCORD BOT] ::1 [20/Jan/2022:18:32:22 +0000] "GET / HTTP/1.1" 200 217 "-" "Python/3.9 aiohttp/3.8.1"
[20:32:44, 01.20.2022 | INFO] [DISCORD BOT] (MANAGER) › Инициализация процесса "Tasker"!
[20:32:48, 01.20.2022 | INFO] [DISCORD BOT] ::1 [20/Jan/2022:18:32:48 +0000] "GET / HTTP/1.1" 200 217 "-" "Python/3.9 aiohttp/3.8.1"
[20:33:03, 01.20.2022 | INFO] [DISCORD BOT] (MANAGER) › Инициализация процесса "Tasker"!
[20:33:05, 01.20.2022 | INFO] [DISCORD BOT] ::1 [20/Jan/2022:18:33:05 +0000] "GET / HTTP/1.1" 200 217 "-" "Python/3.9 aiohttp/3.8.1"
[20:33:08, 01.20.2022 | INFO] [DISCORD BOT] ::1 [20/Jan/2022:18:33:08 +0000] "GET / HTTP/1.1" 200 217 "-" "Python/3.9 aiohttp/3.8.1"
[20:33:11, 01.20.2022 | INFO] [DISCORD BOT] (MANAGER) › Инициализация процесса "Tasker"!
[20:33:13, 01.20.2022 | INFO] [DISCORD BOT] ::1 [20/Jan/2022:18:33:13 +0000] "GET / HTTP/1.1" 200 220 "-" "Python/3.9 aiohttp/3.8.1"
[20:33:54, 01.20.2022 | INFO] [DISCORD BOT] (MANAGER) › Инициализация процесса "Tasker"!
[20:33:57, 01.20.2022 | INFO] [DISCORD BOT] ::1 [20/Jan/2022:18:33:57 +0000] "GET / HTTP/1.1" 200 220 "-" "Python/3.9 aiohttp/3.8.1"
[20:34:43, 01.20.2022 | INFO] [DISCORD BOT] (MANAGER) › Инициализация процесса "Tasker"!
[20:35:06, 01.20.2022 | INFO] [DISCORD BOT] (MANAGER) › Инициализация процесса "Tasker"!
[20:35:57, 01.20.2022 | INFO] [DISCORD BOT] (MANAGER) › Инициализация процесса "Client"!
[20:36:09, 01.20.2022 | INFO] [DISCORD BOT] (MANAGER) › Инициализация процесса "Tasker"!
[20:36:57, 01.20.2022 | INFO] [DISCORD BOT] (MANAGER) › Инициализация процесса "Tasker"!
[20:36:59, 01.20.2022 | INFO] [DISCORD BOT] ::1 [20/Jan/2022:18:36:59 +0000] "GET / HTTP/1.1" 200 191 "-" "Python/3.9 aiohttp/3.8.1"
[20:37:33, 01.20.2022 | INFO] [DISCORD BOT] (MANAGER) › Инициализация процесса "Tasker"!
[20:37:38, 01.20.2022 | INFO] [DISCORD BOT] (MANAGER) › Инициализация процесса "Tasker"!
[20:43:30, 01.20.2022 | INFO] [DISCORD BOT] (MANAGER) › Инициализация процесса "Tasker"!
[20:44:30, 01.20.2022 | INFO] [DISCORD BOT] (MANAGER) › Инициализация процесса "Tasker"!
[20:44:33, 01.20.2022 | INFO] [DISCORD BOT] ::1 [20/Jan/2022:18:44:33 +0000] "GET / HTTP/1.1" 200 191 "-" "Python/3.9 aiohttp/3.8.1"
[20:44:48, 01.20.2022 | INFO] [DISCORD BOT] (MANAGER) › Инициализация процесса "Tasker"!
[20:45:17, 01.20.2022 | INFO] [DISCORD BOT] (MANAGER) › Инициализация процесса "Tasker"!
[20:45:43, 01.20.2022 | INFO] [DISCORD BOT] (MANAGER) › Инициализация процесса "Tasker"!
[20:45:45, 01.20.2022 | INFO] [DISCORD BOT] ::1 [20/Jan/2022:18:45:45 +0000] "GET / HTTP/1.1" 200 191 "-" "Python/3.9 aiohttp/3.8.1"
[20:46:42, 01.20.2022 | INFO] [DISCORD BOT] (MANAGER) › Инициализация процесса "Tasker"!
[20:46:55, 01.20.2022 | INFO] [DISCORD BOT] (MANAGER) › Инициализация процесса "Tasker"!
[20:46:57, 01.20.2022 | INFO] [DISCORD BOT] ::1 [20/Jan/2022:18:46:57 +0000] "GET / HTTP/1.1" 200 191 "-" "Python/3.9 aiohttp/3.8.1"
[20:47:07, 01.20.2022 | INFO] [DISCORD BOT] (MANAGER) › Инициализация процесса "Tasker"!
[20:47:09, 01.20.2022 | INFO] [DISCORD BOT] ::1 [20/Jan/2022:18:47:09 +0000] "GET / HTTP/1.1" 200 191 "-" "Python/3.9 aiohttp/3.8.1"
[20:47:43, 01.20.2022 | INFO] [DISCORD BOT] (MANAGER) › Инициализация процесса "Tasker"!
[20:49:15, 01.20.2022 | INFO] [DISCORD BOT] (MANAGER) › Инициализация процесса "Tasker"!
[20:49:23, 01.20.2022 | INFO] [DISCORD BOT] (MANAGER) › Инициализация процесса "Tasker"!
[20:50:41, 01.20.2022 | INFO] [DISCORD BOT] (MANAGER) › Инициализация процесса "Tasker"!
[20:50:42, 01.20.2022 | INFO] [DISCORD BOT] ::1 [20/Jan/2022:18:50:42 +0000] "GET / HTTP/1.1" 200 191 "-" "Python/3.9 aiohttp/3.8.1"
[20:51:29, 01.20.2022 | INFO] [DISCORD BOT] (MANAGER) › Инициализация процесса "Tasker"!
[20:51:31, 01.20.2022 | INFO] [DISCORD BOT] ::1 [20/Jan/2022:18:51:31 +0000] "GET / HTTP/1.1" 200 191 "-" "Python/3.9 aiohttp/3.8.1"
[20:51:46, 01.20.2022 | INFO] [DISCORD BOT] ::1 [20/Jan/2022:18:51:46 +0000] "GET / HTTP/1.1" 200 191 "-" "Python/3.9 aiohttp/3.8.1"
[20:54:59, 01.20.2022 | INFO] [DISCORD BOT] (MANAGER) › Инициализация процесса "Tasker"!
[20:55:05, 01.20.2022 | INFO] [DISCORD BOT] (MANAGER) › Инициализация процесса "Tasker"!
[20:55:07, 01.20.2022 | INFO] [DISCORD BOT] ::1 [20/Jan/2022:18:55:07 +0000] "GET / HTTP/1.1" 200 191 "-" "Python/3.9 aiohttp/3.8.1"
[20:55:34, 01.20.2022 | INFO] [DISCORD BOT] ::1 [20/Jan/2022:18:55:34 +0000] "GET / HTTP/1.1" 200 191 "-" "Python/3.9 aiohttp/3.7.4.post0"
[20:55:35, 01.20.2022 | INFO] [DISCORD BOT] ::1 [20/Jan/2022:18:55:35 +0000] "GET / HTTP/1.1" 200 191 "-" "Python/3.9 aiohttp/3.7.4.post0"
[20:55:36, 01.20.2022 | INFO] [DISCORD BOT] ::1 [20/Jan/2022:18:55:36 +0000] "GET / HTTP/1.1" 200 191 "-" "Python/3.9 aiohttp/3.7.4.post0"
[20:55:37, 01.20.2022 | INFO] [DISCORD BOT] ::1 [20/Jan/2022:18:55:37 +0000] "GET / HTTP/1.1" 200 191 "-" "Python/3.9 aiohttp/3.7.4.post0"
[20:55:37, 01.20.2022 | INFO] [DISCORD BOT] ::1 [20/Jan/2022:18:55:37 +0000] "GET / HTTP/1.1" 200 191 "-" "Python/3.9 aiohttp/3.7.4.post0"
[20:55:38, 01.20.2022 | INFO] [DISCORD BOT] ::1 [20/Jan/2022:18:55:38 +0000] "GET / HTTP/1.1" 200 191 "-" "Python/3.9 aiohttp/3.7.4.post0"
[20:55:45, 01.20.2022 | INFO] [DISCORD BOT] ::1 [20/Jan/2022:18:55:45 +0000] "GET / HTTP/1.1" 200 191 "-" "Python/3.9 aiohttp/3.7.4.post0"
[20:55:47, 01.20.2022 | INFO] [DISCORD BOT] ::1 [20/Jan/2022:18:55:47 +0000] "GET / HTTP/1.1" 200 191 "-" "Python/3.9 aiohttp/3.7.4.post0"
[20:55:47, 01.20.2022 | INFO] [DISCORD BOT] ::1 [20/Jan/2022:18:55:47 +0000] "GET / HTTP/1.1" 200 191 "-" "Python/3.9 aiohttp/3.7.4.post0"
[20:55:48, 01.20.2022 | INFO] [DISCORD BOT] ::1 [20/Jan/2022:18:55:48 +0000] "GET / HTTP/1.1" 200 191 "-" "Python/3.9 aiohttp/3.7.4.post0"
[20:55:48, 01.20.2022 | INFO] [DISCORD BOT] ::1 [20/Jan/2022:18:55:48 +0000] "GET / HTTP/1.1" 200 191 "-" "Python/3.9 aiohttp/3.7.4.post0"
[20:55:49, 01.20.2022 | INFO] [DISCORD BOT] ::1 [20/Jan/2022:18:55:49 +0000] "GET / HTTP/1.1" 200 191 "-" "Python/3.9 aiohttp/3.7.4.post0"
[20:55:49, 01.20.2022 | INFO] [DISCORD BOT] ::1 [20/Jan/2022:18:55:49 +0000] "GET / HTTP/1.1" 200 191 "-" "Python/3.9 aiohttp/3.7.4.post0"
[20:55:50, 01.20.2022 | INFO] [DISCORD BOT] ::1 [20/Jan/2022:18:55:50 +0000] "GET / HTTP/1.1" 200 191 "-" "Python/3.9 aiohttp/3.7.4.post0"
[20:55:50, 01.20.2022 | INFO] [DISCORD BOT] ::1 [20/Jan/2022:18:55:50 +0000] "GET / HTTP/1.1" 200 191 "-" "Python/3.9 aiohttp/3.7.4.post0"
[20:55:51, 01.20.2022 | INFO] [DISCORD BOT] ::1 [20/Jan/2022:18:55:51 +0000] "GET / HTTP/1.1" 200 191 "-" "Python/3.9 aiohttp/3.7.4.post0"
[20:55:51, 01.20.2022 | INFO] [DISCORD BOT] ::1 [20/Jan/2022:18:55:51 +0000] "GET / HTTP/1.1" 200 191 "-" "Python/3.9 aiohttp/3.7.4.post0"
[20:55:51, 01.20.2022 | INFO] [DISCORD BOT] ::1 [20/Jan/2022:18:55:51 +0000] "GET / HTTP/1.1" 200 191 "-" "Python/3.9 aiohttp/3.7.4.post0"
[20:55:52, 01.20.2022 | INFO] [DISCORD BOT] ::1 [20/Jan/2022:18:55:52 +0000] "GET / HTTP/1.1" 200 191 "-" "Python/3.9 aiohttp/3.7.4.post0"
[20:55:52, 01.20.2022 | INFO] [DISCORD BOT] ::1 [20/Jan/2022:18:55:52 +0000] "GET / HTTP/1.1" 200 191 "-" "Python/3.9 aiohttp/3.7.4.post0"
[20:55:52, 01.20.2022 | INFO] [DISCORD BOT] ::1 [20/Jan/2022:18:55:52 +0000] "GET / HTTP/1.1" 200 191 "-" "Python/3.9 aiohttp/3.7.4.post0"
[20:55:56, 01.20.2022 | INFO] [DISCORD BOT] ::1 [20/Jan/2022:18:55:56 +0000] "GET / HTTP/1.1" 200 191 "-" "Python/3.9 aiohttp/3.7.4.post0"
[20:56:22, 01.20.2022 | INFO] [DISCORD BOT] ::1 [20/Jan/2022:18:56:22 +0000] "GET / HTTP/1.1" 200 191 "-" "Python/3.9 aiohttp/3.8.1"
[20:56:31, 01.20.2022 | INFO] [DISCORD BOT] (MANAGER) › Инициализация процесса "Tasker"!
[20:56:32, 01.20.2022 | INFO] [DISCORD BOT] ::1 [20/Jan/2022:18:56:32 +0000] "GET / HTTP/1.1" 200 188 "-" "Python/3.9 aiohttp/3.8.1"
[21:00:07, 01.20.2022 | INFO] [DISCORD BOT] (MANAGER) › Инициализация процесса "Tasker"!
[21:00:12, 01.20.2022 | INFO] [DISCORD BOT] ::1 [20/Jan/2022:19:00:12 +0000] "GET / HTTP/1.1" 200 188 "-" "Python/3.9 aiohttp/3.8.1"
[21:00:22, 01.20.2022 | INFO] [DISCORD BOT] ::1 [20/Jan/2022:19:00:22 +0000] "GET / HTTP/1.1" 200 188 "-" "Python/3.9 aiohttp/3.8.1"
[21:00:24, 01.20.2022 | INFO] [DISCORD BOT] ::1 [20/Jan/2022:19:00:24 +0000] "GET / HTTP/1.1" 200 188 "-" "Python/3.9 aiohttp/3.8.1"
[21:01:00, 01.20.2022 | INFO] [DISCORD BOT] ::1 [20/Jan/2022:19:01:00 +0000] "GET / HTTP/1.1" 200 188 "-" "Python/3.9 aiohttp/3.8.1"
[21:01:03, 01.20.2022 | INFO] [DISCORD BOT] (MANAGER) › Инициализация процесса "Tasker"!
[21:01:05, 01.20.2022 | INFO] [DISCORD BOT] ::1 [20/Jan/2022:19:01:05 +0000] "GET / HTTP/1.1" 200 188 "-" "Python/3.9 aiohttp/3.8.1"
[21:01:42, 01.20.2022 | INFO] [DISCORD BOT] (MANAGER) › Инициализация процесса "Tasker"!
[21:01:43, 01.20.2022 | INFO] [DISCORD BOT] ::1 [20/Jan/2022:19:01:43 +0000] "GET / HTTP/1.1" 200 188 "-" "Python/3.9 aiohttp/3.8.1"
[21:02:03, 01.20.2022 | INFO] [DISCORD BOT] (MANAGER) › Инициализация процесса "Tasker"!
[21:02:26, 01.20.2022 | INFO] [DISCORD BOT] (MANAGER) › Инициализация процесса "Tasker"!
[21:02:26, 01.20.2022 | ERROR] [DISCORD BOT] unhandled exception during asyncio.run() shutdown
task: <Task finished name='Task-1' coro=<_run_app() done, defined at /Users/wezzyofficial/PycharmProjects/discord_soft/venv/lib/python3.9/site-packages/aiohttp/web.py:287> exception=KeyError('auth')>
Traceback (most recent call last):
  File "/Users/wezzyofficial/PycharmProjects/discord_soft/venv/lib/python3.9/site-packages/aiohttp/web.py", line 514, in run_app
    loop.run_until_complete(main_task)
  File "/usr/local/Cellar/python@3.9/3.9.8/Frameworks/Python.framework/Versions/3.9/lib/python3.9/asyncio/base_events.py", line 642, in run_until_complete
    return future.result()
  File "/Users/wezzyofficial/PycharmProjects/discord_soft/venv/lib/python3.9/site-packages/aiohttp/web.py", line 308, in _run_app
    app = await app  # type: ignore[misc]
  File "/Users/wezzyofficial/PycharmProjects/discord_soft/tasker/app.py", line 20, in start
    read_handlers(program_type='tasker')
  File "/Users/wezzyofficial/PycharmProjects/discord_soft/engine/functions/loader.py", line 22, in read_handlers
    spec.loader.exec_module(module)
  File "<frozen importlib._bootstrap_external>", line 850, in exec_module
  File "<frozen importlib._bootstrap>", line 228, in _call_with_frames_removed
  File "/Users/wezzyofficial/PycharmProjects/discord_soft/tasker/routes/index.py", line 5, in <module>
    async def _(web, db, request, query_args, path_args, json_data):
  File "/Users/wezzyofficial/PycharmProjects/discord_soft/engine/handler.py", line 13, in with_args
    routes.append(Route(name=cmd, handler=handler,
  File "/Users/wezzyofficial/PycharmProjects/discord_soft/engine/assets/BaseRequests.py", line 11, in __init__
    self.auth = kwargs['auth']
KeyError: 'auth'
[21:03:12, 01.20.2022 | INFO] [DISCORD BOT] (MANAGER) › Инициализация процесса "Tasker"!
[21:03:12, 01.20.2022 | ERROR] [DISCORD BOT] unhandled exception during asyncio.run() shutdown
task: <Task finished name='Task-1' coro=<_run_app() done, defined at /Users/wezzyofficial/PycharmProjects/discord_soft/venv/lib/python3.9/site-packages/aiohttp/web.py:287> exception=KeyError('post')>
Traceback (most recent call last):
  File "/Users/wezzyofficial/PycharmProjects/discord_soft/venv/lib/python3.9/site-packages/aiohttp/web.py", line 514, in run_app
    loop.run_until_complete(main_task)
  File "/usr/local/Cellar/python@3.9/3.9.8/Frameworks/Python.framework/Versions/3.9/lib/python3.9/asyncio/base_events.py", line 642, in run_until_complete
    return future.result()
  File "/Users/wezzyofficial/PycharmProjects/discord_soft/venv/lib/python3.9/site-packages/aiohttp/web.py", line 308, in _run_app
    app = await app  # type: ignore[misc]
  File "/Users/wezzyofficial/PycharmProjects/discord_soft/tasker/app.py", line 20, in start
    read_handlers(program_type='tasker')
  File "/Users/wezzyofficial/PycharmProjects/discord_soft/engine/functions/loader.py", line 22, in read_handlers
    spec.loader.exec_module(module)
  File "<frozen importlib._bootstrap_external>", line 850, in exec_module
  File "<frozen importlib._bootstrap>", line 228, in _call_with_frames_removed
  File "/Users/wezzyofficial/PycharmProjects/discord_soft/tasker/routes/index.py", line 5, in <module>
    async def _(web, db, request, query_args, path_args, json_data):
  File "/Users/wezzyofficial/PycharmProjects/discord_soft/engine/handler.py", line 13, in with_args
    routes.append(Route(name=cmd, handler=handler,
  File "/Users/wezzyofficial/PycharmProjects/discord_soft/engine/assets/BaseRequests.py", line 13, in __init__
    self.post = kwargs['post']
KeyError: 'post'
[21:03:30, 01.20.2022 | INFO] [DISCORD BOT] (MANAGER) › Инициализация процесса "Tasker"!
[21:03:32, 01.20.2022 | INFO] [DISCORD BOT] ::1 [20/Jan/2022:19:03:32 +0000] "GET / HTTP/1.1" 200 188 "-" "Python/3.9 aiohttp/3.8.1"
[21:03:40, 01.20.2022 | INFO] [DISCORD BOT] ::1 [20/Jan/2022:19:03:40 +0000] "GET / HTTP/1.1" 200 188 "-" "Python/3.9 aiohttp/3.8.1"
[21:04:24, 01.20.2022 | INFO] [DISCORD BOT] (MANAGER) › Инициализация процесса "Tasker"!
[21:04:27, 01.20.2022 | INFO] [DISCORD BOT] ::1 [20/Jan/2022:19:04:27 +0000] "GET / HTTP/1.1" 200 188 "-" "Python/3.9 aiohttp/3.8.1"
[21:04:40, 01.20.2022 | INFO] [DISCORD BOT] ::1 [20/Jan/2022:19:04:40 +0000] "GET / HTTP/1.1" 200 188 "-" "Python/3.9 aiohttp/3.8.1"
[21:05:28, 01.20.2022 | INFO] [DISCORD BOT] (MANAGER) › Инициализация процесса "Tasker"!
[21:05:30, 01.20.2022 | INFO] [DISCORD BOT] ::1 [20/Jan/2022:19:05:30 +0000] "GET / HTTP/1.1" 200 188 "-" "Python/3.9 aiohttp/3.8.1"
[21:05:50, 01.20.2022 | INFO] [DISCORD BOT] (MANAGER) › Инициализация процесса "Tasker"!
[21:05:52, 01.20.2022 | INFO] [DISCORD BOT] ::1 [20/Jan/2022:19:05:52 +0000] "GET / HTTP/1.1" 200 188 "-" "Python/3.9 aiohttp/3.8.1"
[21:06:54, 01.20.2022 | INFO] [DISCORD BOT] (MANAGER) › Инициализация процесса "Tasker"!
[21:06:57, 01.20.2022 | INFO] [DISCORD BOT] ::1 [20/Jan/2022:19:06:57 +0000] "GET / HTTP/1.1" 200 188 "-" "Python/3.9 aiohttp/3.8.1"
[21:07:43, 01.20.2022 | INFO] [DISCORD BOT] (MANAGER) › Инициализация процесса "Tasker"!
[21:07:45, 01.20.2022 | INFO] [DISCORD BOT] ::1 [20/Jan/2022:19:07:45 +0000] "GET / HTTP/1.1" 200 188 "-" "Python/3.9 aiohttp/3.8.1"
[21:08:41, 01.20.2022 | INFO] [DISCORD BOT] (MANAGER) › Инициализация процесса "Tasker"!
[21:08:42, 01.20.2022 | INFO] [DISCORD BOT] ::1 [20/Jan/2022:19:08:42 +0000] "GET / HTTP/1.1" 200 235 "-" "Python/3.9 aiohttp/3.8.1"
[21:08:49, 01.20.2022 | INFO] [DISCORD BOT] (MANAGER) › Инициализация процесса "Tasker"!
[21:08:53, 01.20.2022 | INFO] [DISCORD BOT] ::1 [20/Jan/2022:19:08:53 +0000] "GET / HTTP/1.1" 200 235 "-" "Python/3.9 aiohttp/3.8.1"
[21:09:03, 01.20.2022 | INFO] [DISCORD BOT] ::1 [20/Jan/2022:19:09:03 +0000] "GET / HTTP/1.1" 200 235 "-" "Python/3.9 aiohttp/3.8.1"
[21:10:03, 01.20.2022 | INFO] [DISCORD BOT] ::1 [20/Jan/2022:19:10:03 +0000] "GET / HTTP/1.1" 200 235 "-" "Python/3.9 aiohttp/3.8.1"
[21:10:07, 01.20.2022 | INFO] [DISCORD BOT] (MANAGER) › Инициализация процесса "Tasker"!
[21:10:09, 01.20.2022 | INFO] [DISCORD BOT] ::1 [20/Jan/2022:19:10:09 +0000] "GET / HTTP/1.1" 200 235 "-" "Python/3.9 aiohttp/3.8.1"
[21:31:46, 01.20.2022 | ERROR] [DISCORD BOT] (MANAGER) › Неверный аргумент, доступные аргументы: client / server / tasker
[21:31:55, 01.20.2022 | INFO] [DISCORD BOT] (MANAGER) › Инициализация процесса "tasker"!
[21:32:02, 01.20.2022 | INFO] [DISCORD BOT] ::1 [20/Jan/2022:19:32:02 +0000] "GET / HTTP/1.1" 200 235 "-" "Python/3.9 aiohttp/3.8.1"
[21:32:16, 01.20.2022 | INFO] [DISCORD BOT] ::1 [20/Jan/2022:19:32:16 +0000] "GET / HTTP/1.1" 200 188 "-" "Python/3.9 aiohttp/3.8.1"
[21:33:46, 01.20.2022 | INFO] [DISCORD BOT] (MANAGER) › Инициализация процесса "tasker"!
[21:33:48, 01.20.2022 | INFO] [DISCORD BOT] ::1 [20/Jan/2022:19:33:48 +0000] "GET /test HTTP/1.1" 200 191 "-" "Python/3.9 aiohttp/3.8.1"
